<!DOCTYPE html PUBLIC "-//W3C//DTD XHTML 1.1//EN" "http://www.w3.org/TR/xhtml11/DTD/xhtml11.dtd">
<html xmlns="http://www.w3.org/1999/xhtml"><head><title>TestNG Report</title><style type="text/css">table {margin-bottom:10px;border-collapse:collapse;empty-cells:show}th,td {border:1px solid #009;padding:.25em .5em}th {vertical-align:bottom}td {vertical-align:top}table a {font-weight:bold}.stripe td {background-color: #E6EBF9}.num {text-align:right}.passedodd td {background-color: #3F3}.passedeven td {background-color: #0A0}.skippedodd td {background-color: #DDD}.skippedeven td {background-color: #CCC}.failedodd td,.attn {background-color: #F33}.failedeven td,.stripe .attn {background-color: #D00}.stacktrace {white-space:pre;font-family:monospace}.totop {font-size:85%;text-align:center;border-bottom:2px solid #000}</style></head><body><table><tr><th>Test</th><th># Passed</th><th># Skipped</th><th># Failed</th><th>Time (ms)</th><th>Included Groups</th><th>Excluded Groups</th></tr><tr><th colspan="7">AllTest</th></tr><tr><th colspan="7">HorizonSuite</th></tr><tr><td><a href="#t0">Photon_Application</a></td><td class="num">0</td><td class="num">0</td><td class="num attn">1</td><td class="num">132,317</td><td></td><td></td></tr></table><table><thead><tr><th>Class</th><th>Method</th><th>Start</th><th>Time (ms)</th></tr></thead><tbody><tr><th colspan="4">AllTest</th></tr></tbody><tbody><tr><th colspan="4">HorizonSuite</th></tr></tbody><tbody id="t0"><tr><th colspan="4">Photon_Application &#8212; failed</th></tr><tr class="failedeven"><td rowspan="1">com.photon.runner.ExtentReportRunner</td><td><a href="#m0">feature</a></td><td rowspan="1">1636543976657</td><td rowspan="1">131778</td></tr></tbody></table><h2>Photon_Application</h2><h3 id="m0">com.photon.runner.ExtentReportRunner#feature</h3><table class="result"><tr class="param"><th>Parameter #1</th></tr><tr class="param stripe"><td>Login</td></tr><tr><th>Exception</th></tr><tr><td><div class="stacktrace">cucumber.runtime.CucumberException: java.lang.Exception: Verifikasi Login pop up is displayed: False
	at cucumber.api.testng.TestNGCucumberRunner.runCucumber(TestNGCucumberRunner.java:69)
	at cucumber.api.testng.AbstractTestNGCucumberTests.feature(AbstractTestNGCucumberTests.java:21)
Caused by: java.lang.Exception: Verifikasi Login pop up is displayed: False
	at com.photon.library.CommonLibrary.Assert(CommonLibrary.java:194)
	at stepDefinition.TestStepDef.system_should_displayed_Verifikasi_Login_pop_up(TestStepDef.java:72)
	at âœ½.And System should displayed Verifikasi Login pop up(Sprint 1/Login.feature:12)
... Removed 28 stack frames</div></td></tr></table><p class="totop"><a href="#summary">back to summary</a></p></body></html>