<?xml version="1.0" encoding="UTF-8"?>
<testng-results skipped="0" failed="1" total="1" passed="0">
  <reporter-output>
  </reporter-output>
  <suite name="AllTest" duration-ms="0" started-at="2021-11-10T11:35:08Z" finished-at="2021-11-10T11:35:08Z">
    <groups>
    </groups>
  </suite> <!-- AllTest -->
  <suite name="HorizonSuite" duration-ms="132317" started-at="2021-11-10T11:32:56Z" finished-at="2021-11-10T11:35:08Z">
    <groups>
      <group name="cucumber">
        <method signature="AbstractTestNGCucumberTests.feature(cucumber.api.testng.CucumberFeatureWrapper)[pri:0, instance:com.photon.runner.ExtentReportRunner@2038ae61]" name="feature" class="cucumber.api.testng.AbstractTestNGCucumberTests"/>
      </group> <!-- cucumber -->
    </groups>
    <test name="Photon_Application" duration-ms="132317" started-at="2021-11-10T11:32:56Z" finished-at="2021-11-10T11:35:08Z">
      <class name="com.photon.runner.ExtentReportRunner">
        <test-method status="PASS" signature="setUpClass()[pri:0, instance:com.photon.runner.ExtentReportRunner@2038ae61]" name="setUpClass" is-config="true" duration-ms="121" started-at="2021-11-10T18:32:56Z" finished-at="2021-11-10T18:32:56Z">
          <reporter-output>
          </reporter-output>
        </test-method> <!-- setUpClass -->
        <test-method status="PASS" signature="setup()[pri:0, instance:com.photon.runner.ExtentReportRunner@2038ae61]" name="setup" is-config="true" duration-ms="354" started-at="2021-11-10T18:32:56Z" finished-at="2021-11-10T18:32:56Z">
          <reporter-output>
          </reporter-output>
        </test-method> <!-- setup -->
        <test-method status="FAIL" signature="feature(cucumber.api.testng.CucumberFeatureWrapper)[pri:0, instance:com.photon.runner.ExtentReportRunner@2038ae61]" name="feature" duration-ms="131778" started-at="2021-11-10T18:32:56Z" description="Runs Cucumber Feature" data-provider="features" finished-at="2021-11-10T18:35:08Z">
          <params>
            <param index="0">
              <value>
                <![CDATA[Login]]>
              </value>
            </param>
          </params>
          <exception class="cucumber.runtime.CucumberException">
            <message>
              <![CDATA[java.lang.Exception: Verifikasi Login pop up is displayed: False]]>
            </message>
            <full-stacktrace>
              <![CDATA[cucumber.runtime.CucumberException: java.lang.Exception: Verifikasi Login pop up is displayed: False
	at cucumber.api.testng.TestNGCucumberRunner.runCucumber(TestNGCucumberRunner.java:69)
	at cucumber.api.testng.AbstractTestNGCucumberTests.feature(AbstractTestNGCucumberTests.java:21)
	at sun.reflect.NativeMethodAccessorImpl.invoke0(Native Method)
	at sun.reflect.NativeMethodAccessorImpl.invoke(NativeMethodAccessorImpl.java:62)
	at sun.reflect.DelegatingMethodAccessorImpl.invoke(DelegatingMethodAccessorImpl.java:43)
	at java.lang.reflect.Method.invoke(Method.java:498)
	at org.testng.internal.MethodInvocationHelper.invokeMethod(MethodInvocationHelper.java:86)
	at org.testng.internal.Invoker.invokeMethod(Invoker.java:643)
	at org.testng.internal.Invoker.invokeTestMethod(Invoker.java:820)
	at org.testng.internal.Invoker.invokeTestMethods(Invoker.java:1128)
	at org.testng.internal.TestMethodWorker.invokeTestMethods(TestMethodWorker.java:129)
	at org.testng.internal.TestMethodWorker.run(TestMethodWorker.java:112)
	at org.testng.TestRunner.privateRun(TestRunner.java:782)
	at org.testng.TestRunner.run(TestRunner.java:632)
	at org.testng.SuiteRunner.runTest(SuiteRunner.java:366)
	at org.testng.SuiteRunner.runSequentially(SuiteRunner.java:361)
	at org.testng.SuiteRunner.privateRun(SuiteRunner.java:319)
	at org.testng.SuiteRunner.run(SuiteRunner.java:268)
	at org.testng.SuiteRunnerWorker.runSuite(SuiteRunnerWorker.java:52)
	at org.testng.SuiteRunnerWorker.run(SuiteRunnerWorker.java:86)
	at org.testng.TestNG.runSuitesSequentially(TestNG.java:1244)
	at org.testng.TestNG.runSuitesSequentially(TestNG.java:1240)
	at org.testng.TestNG.runSuitesLocally(TestNG.java:1169)
	at org.testng.TestNG.run(TestNG.java:1064)
	at org.apache.maven.surefire.testng.TestNGExecutor.run(TestNGExecutor.java:281)
	at org.apache.maven.surefire.testng.TestNGXmlTestSuite.execute(TestNGXmlTestSuite.java:75)
	at org.apache.maven.surefire.testng.TestNGProvider.invoke(TestNGProvider.java:121)
	at org.apache.maven.surefire.booter.ForkedBooter.invokeProviderInSameClassLoader(ForkedBooter.java:290)
	at org.apache.maven.surefire.booter.ForkedBooter.runSuitesInProcess(ForkedBooter.java:242)
	at org.apache.maven.surefire.booter.ForkedBooter.main(ForkedBooter.java:121)
Caused by: java.lang.Exception: Verifikasi Login pop up is displayed: False
	at com.photon.library.CommonLibrary.Assert(CommonLibrary.java:194)
	at stepDefinition.TestStepDef.system_should_displayed_Verifikasi_Login_pop_up(TestStepDef.java:72)
	at âœ½.And System should displayed Verifikasi Login pop up(Sprint 1/Login.feature:12)
]]>
            </full-stacktrace>
          </exception> <!-- cucumber.runtime.CucumberException -->
          <reporter-output>
          </reporter-output>
        </test-method> <!-- feature -->
        <test-method status="PASS" signature="tearDownClass()[pri:0, instance:com.photon.runner.ExtentReportRunner@2038ae61]" name="tearDownClass" is-config="true" duration-ms="19" started-at="2021-11-10T18:35:08Z" finished-at="2021-11-10T18:35:08Z">
          <reporter-output>
          </reporter-output>
        </test-method> <!-- tearDownClass -->
      </class> <!-- com.photon.runner.ExtentReportRunner -->
    </test> <!-- Photon_Application -->
  </suite> <!-- HorizonSuite -->
</testng-results>
